[2026-07-04 12:55:19,657: INFO: main: >>>>>> stage Data Ingestion stage started <<<<<<]
[2026-07-04 12:55:19,664: INFO: common: yaml file: config\config.yaml loaded successfully]
[2026-07-04 12:55:19,667: INFO: common: yaml file: params.yaml loaded successfully]
[2026-07-04 12:55:19,670: INFO: common: yaml file: schema.yaml loaded successfully]
[2026-07-04 12:55:19,671: INFO: common: created directory at: artifacts]
[2026-07-04 12:55:19,671: INFO: common: created directory at: artifacts/data_ingestion]
[2026-07-04 12:55:21,046: INFO: data_ingestion: artifacts/data_ingestion/data.zip download! with following info: 
Connection: close
Content-Length: 23329
Cache-Control: max-age=300
Content-Security-Policy: default-src 'none'; style-src 'unsafe-inline'; sandbox
Content-Type: application/zip
ETag: "c69888a4ae59bc5a893392785a938ccd4937981c06ba8a9d6a21aa52b4ab5b6e"
Strict-Transport-Security: max-age=31536000
X-Content-Type-Options: nosniff
X-Frame-Options: deny
X-XSS-Protection: 1; mode=block
X-GitHub-Request-Id: 8842:AB4CD:94D8A4:A5F526:6A48BC71
Accept-Ranges: bytes
Date: Sat, 04 Jul 2026 07:55:30 GMT
Via: 1.1 varnish
X-Served-By: cache-fjr990034-FJR
X-Cache: MISS
X-Cache-Hits: 0
X-Timer: S1783151730.999391,VS0,VE360
Vary: Authorization,Accept-Encoding
Access-Control-Allow-Origin: *
Cross-Origin-Resource-Policy: cross-origin
X-Fastly-Request-ID: 44cf9863c97607326775ba62310958c6c8178fa0
Expires: Sat, 04 Jul 2026 08:00:30 GMT
Source-Age: 0

]
[2026-07-04 12:55:21,051: INFO: main: >>>>>> stage Data Ingestion stage completed <<<<<<

x==========x]
[2026-07-04 12:55:21,051: INFO: main: >>>>>> stage Data Validation stage started <<<<<<]
[2026-07-04 12:55:21,058: INFO: common: yaml file: config\config.yaml loaded successfully]
[2026-07-04 12:55:21,061: INFO: common: yaml file: params.yaml loaded successfully]
[2026-07-04 12:55:21,064: INFO: common: yaml file: schema.yaml loaded successfully]
[2026-07-04 12:55:21,065: INFO: common: created directory at: artifacts]
[2026-07-04 12:55:21,067: INFO: common: created directory at: artifacts/data_validation]
[2026-07-04 12:55:21,101: INFO: main: >>>>>> stage Data Validation stage completed <<<<<<

x==========x]
[2026-07-04 12:55:21,102: INFO: main: >>>>>> stage Data Transformation stage started <<<<<<]
[2026-07-04 12:55:21,108: INFO: common: yaml file: config\config.yaml loaded successfully]
[2026-07-04 12:55:21,119: INFO: common: yaml file: params.yaml loaded successfully]
[2026-07-04 12:55:21,152: INFO: common: yaml file: schema.yaml loaded successfully]
[2026-07-04 12:55:21,155: INFO: common: created directory at: artifacts]
[2026-07-04 12:55:21,156: INFO: common: created directory at: artifacts/data_transformation]
[2026-07-04 12:55:21,263: INFO: data_transformation: Splited data into training and test sets]
[2026-07-04 12:55:21,264: INFO: data_transformation: (1199, 12)]
[2026-07-04 12:55:21,264: INFO: data_transformation: (400, 12)]
[2026-07-04 12:55:21,266: INFO: main: >>>>>> stage Data Transformation stage completed <<<<<<

x==========x]
[2026-07-04 12:55:21,266: INFO: main: >>>>>> stage Model Trainer stage started <<<<<<]
[2026-07-04 12:55:21,273: INFO: common: yaml file: config\config.yaml loaded successfully]
[2026-07-04 12:55:21,281: INFO: common: yaml file: params.yaml loaded successfully]
[2026-07-04 12:55:21,288: INFO: common: yaml file: schema.yaml loaded successfully]
[2026-07-04 12:55:21,290: INFO: common: created directory at: artifacts]
[2026-07-04 12:55:21,300: INFO: common: created directory at: artifacts/model_trainer]
[2026-07-04 12:55:21,448: INFO: main: >>>>>> stage Model Trainer stage completed <<<<<<

x==========x]
[2026-07-04 12:55:21,448: INFO: main: >>>>>> stage Model Evaluation stage started <<<<<<]
[2026-07-04 12:55:21,453: INFO: common: yaml file: config\config.yaml loaded successfully]
[2026-07-04 12:55:21,457: INFO: common: yaml file: params.yaml loaded successfully]
[2026-07-04 12:55:21,466: INFO: common: yaml file: schema.yaml loaded successfully]
[2026-07-04 12:55:21,471: INFO: common: created directory at: artifacts]
[2026-07-04 12:55:21,474: INFO: common: created directory at: artifacts/model_evaluation]
[2026-07-04 12:55:25,926: INFO: common: json file saved at: artifacts\model_evaluation\metrics.json]
[2026-07-04 12:56:36,798: INFO: main: >>>>>> stage Model Evaluation stage completed <<<<<<

x==========x]
